<?xml version="1.0" encoding="UTF-8"?>
<robot generated="20131228 18:42:11.079" generator="Robot 2.8.1 (Python 2.7.5 on linux2)">
<suite source="/run/media/duonghanh/B4E44822E447E4E8/Users/duonghanh/Dropbox/Kiểm thử/Truongnha.comTest/SimpleTest/SimpleTest.txt" id="s1" name="SimpleTest">
<test id="s1-t1" name="Login Should Succeed When the Correct Username and Password are Entered">
<kw type="kw" name="Open Browser">
<doc></doc>
<arguments>
<arg>http://truongnha.com/login/</arg>
<arg>ff</arg>
</arguments>
<msg timestamp="20131228 18:42:11.106" level="FAIL">No keyword with name 'Open Browser' found.</msg>
<status status="FAIL" endtime="20131228 18:42:11.106" starttime="20131228 18:42:11.106"></status>
</kw>
<doc></doc>
<tags>
</tags>
<status status="FAIL" endtime="20131228 18:42:11.107" critical="yes" starttime="20131228 18:42:11.105">No keyword with name 'Open Browser' found.</status>
</test>
<doc></doc>
<metadata>
</metadata>
<status status="FAIL" endtime="20131228 18:42:11.107" starttime="20131228 18:42:11.080"></status>
</suite>
<statistics>
<total>
<stat fail="1" pass="0">Critical Tests</stat>
<stat fail="1" pass="0">All Tests</stat>
</total>
<tag>
</tag>
<suite>
<stat fail="1" pass="0" id="s1" name="SimpleTest">SimpleTest</stat>
</suite>
</statistics>
<errors>
<msg timestamp="20131228 18:42:11.105" level="ERROR">Error in file '/run/media/duonghanh/B4E44822E447E4E8/Users/duonghanh/Dropbox/Kiểm thử/Truongnha.comTest/SimpleTest/SimpleTest.txt': Importing test library 'Selenium2Library' failed: ImportError: No module named Selenium2Library
Traceback (most recent call last):
  None
PYTHONPATH:
  /usr/lib/python2.7/site-packages/robot/libraries
  /usr/lib/python2.7/site-packages
  /usr/bin
  /usr/lib/python2.7/site-packages/pip-1.4.1-py2.7.egg
  /usr/lib64/python27.zip
  /usr/lib64/python2.7
  /usr/lib64/python2.7/plat-linux2
  /usr/lib64/python2.7/lib-tk
  /usr/lib64/python2.7/lib-old
  /usr/lib64/python2.7/lib-dynload
  /usr/lib64/python2.7/site-packages
  /usr/lib64/python2.7/site-packages/gtk-2.0
  /usr/lib64/python2.7/site-packages/wx-2.8-gtk2-unicode
  /usr/lib/python2.7/site-packages/setuptools-0.6c11-py2.7.egg-info
  .
  /run/media/duonghanh/B4E44822E447E4E8/Users/duonghanh/Dropbox/Kiểm thử/Truongnha.comTest/SimpleTest</msg>
</errors>
</robot>
